<?xml version="1.0" encoding="UTF-8"?>
<testsuite xmlns:xsi="http://www.w3.org/2001/XMLSchema-instance" xsi:noNamespaceSchemaLocation="https://maven.apache.org/surefire/maven-surefire-plugin/xsd/surefire-test-report.xsd" name="com.automation.dbs.runners.TestRunner" time="163.289" tests="2" errors="0" skipped="0" failures="0">
  <properties>
[...]
</properties>
  <testcase name="Login Successful with Valid Credentials" classname="Login Functionality" time="85.821"/>
  <testcase name="Failed Login with Invalid Credentials" classname="Login Functionality" time="77.028"/>
</testsuite>